This is pdfTeX, Version 3.141592653-2.6-1.40.24 (MiKTeX 22.1) (preloaded format=pdflatex 2023.11.7)  23 JAN 2024 15:25
entering extended mode
 restricted \write18 enabled.
 file:line:error style messages enabled.
 %&-line parsing enabled.
**/Users/wheeler/UCLA/Winter2024/math151a/hw2/homework2.tex
(/Users/wheeler/UCLA/Winter2024/math151a/hw2/homework2.tex
LaTeX2e <2023-11-01>
L3 programming layer <2023-11-01>
(/Users/wheeler/Library/Application Support/MiKTeX/texmfs/install/tex/latex/exam/exam.cls
Document Class: exam 2023/07/09 Version 2.704 by Philip Hirschhorn
(/Users/wheeler/Library/Application Support/MiKTeX/texmfs/install/tex/latex/base/ifthen.sty
Package: ifthen 2022/04/13 v1.1d Standard LaTeX ifthen package (DPC)
) (/Users/wheeler/Library/Application Support/MiKTeX/texmfs/install/tex/latex/base/article.cls
Document Class: article 2023/05/17 v1.4n Standard LaTeX document class
(/Users/wheeler/Library/Application Support/MiKTeX/texmfs/install/tex/latex/base/size11.clo
File: size11.clo 2023/05/17 v1.4n Standard LaTeX file (size option)
)
\c@part=\count186
\c@section=\count187
\c@subsection=\count188
\c@subsubsection=\count189
\c@paragraph=\count190
\c@subparagraph=\count191
\c@figure=\count192
\c@table=\count193
\abovecaptionskip=\skip48
\belowcaptionskip=\skip49
\bibindent=\dimen140
)
\@extrawidth=\skip50
\@rightmargin=\skip51
\@extrahead=\skip52
\@extrafoot=\skip53
\run@exhd=\skip54
\fp@exhd=\skip55
\run@exft=\skip56
\fp@exft=\skip57
\covrun@exhd=\skip58
\covfp@exhd=\skip59
\covrun@exft=\skip60
\covfp@exft=\skip61
\c@num@coverpages=\count194
\c@latest@ques=\count195
\c@ques@end=\count196
\c@last@object=\count197
\c@incmp@ques=\count198
\c@next@ques=\count199
\c@next@page=\count266
\c@tmp@hlfcntr=\count267
\c@ifpos@cntr=\count268
\c@question=\count269
\c@partno=\count270
\c@subpart=\count271
\c@subsubpart=\count272
\c@choice=\count273
\c@numpoints=\count274
\c@numbonuspoints=\count275
\c@pointsof@thisquestion=\count276
\c@bonuspointsof@thisquestion=\count277
\c@numquestions=\count278
\c@numparts=\count279
\c@numsubparts=\count280
\c@numsubsubparts=\count281
\c@Curr@Page=\count282
\c@@pagepoints=\count283
\c@@pagebonuspoints=\count284
\c@pageof@pagepoints=\count285
\c@pageof@pagebonuspoints=\count286
\c@latest@points=\count287
\c@latest@bonuspoints=\count288
\pageinfo@commands=\toks17
\temp@toks=\toks18
\pagepoint@commands=\toks19
\point@toks=\toks20
\c@ques@object=\count289
\marginpointssep=\skip62
\rightpointsmargin=\skip63
\choice@toks=\toks21
\answerlinelength=\skip64
\answerskip=\skip65
\answerclearance=\skip66
\fillinlinelength=\skip67
\linefillheight=\skip68
\linefillthickness=\skip69
\dottedlinefillheight=\skip70
\gridsize=\skip71
\gridlinewidth=\skip72
\minboxheight=\skip73
\c@@iterator=\count290
\@cellwidth=\skip74
\c@tbl@points=\count291
\c@tbl@bonuspoints=\count292
\c@pq@index=\count293
\c@pq@index@pts=\count294
\c@pq@index@bpts=\count295
\c@num@cols=\count296
\c@num@rows=\count297
\c@current@row=\count298
\c@cols@done=\count299
\c@exam@saved@eqnum=\count300
\exam@box=\box51
\saved@totalleftmargin=\dimen141
\@sollistdepth=\count301
\exam@FrameRule=\dimen142
\exam@FrameSep=\dimen143
) (/Users/wheeler/Library/Application Support/MiKTeX/texmfs/install/tex/latex/base/fontenc.sty
Package: fontenc 2021/04/29 v2.0v Standard LaTeX package
) (/Users/wheeler/Library/Application Support/MiKTeX/texmfs/install/tex/latex/lm/lmodern.sty
Package: lmodern 2015/05/01 v1.6.1 Latin Modern Fonts
LaTeX Font Info:    Overwriting symbol font `operators' in version `normal'
(Font)                  OT1/cmr/m/n --> OT1/lmr/m/n on input line 22.
LaTeX Font Info:    Overwriting symbol font `letters' in version `normal'
(Font)                  OML/cmm/m/it --> OML/lmm/m/it on input line 23.
LaTeX Font Info:    Overwriting symbol font `symbols' in version `normal'
(Font)                  OMS/cmsy/m/n --> OMS/lmsy/m/n on input line 24.
LaTeX Font Info:    Overwriting symbol font `largesymbols' in version `normal'
(Font)                  OMX/cmex/m/n --> OMX/lmex/m/n on input line 25.
LaTeX Font Info:    Overwriting symbol font `operators' in version `bold'
(Font)                  OT1/cmr/bx/n --> OT1/lmr/bx/n on input line 26.
LaTeX Font Info:    Overwriting symbol font `letters' in version `bold'
(Font)                  OML/cmm/b/it --> OML/lmm/b/it on input line 27.
LaTeX Font Info:    Overwriting symbol font `symbols' in version `bold'
(Font)                  OMS/cmsy/b/n --> OMS/lmsy/b/n on input line 28.
LaTeX Font Info:    Overwriting symbol font `largesymbols' in version `bold'
(Font)                  OMX/cmex/m/n --> OMX/lmex/m/n on input line 29.
LaTeX Font Info:    Overwriting math alphabet `\mathbf' in version `normal'
(Font)                  OT1/cmr/bx/n --> OT1/lmr/bx/n on input line 31.
LaTeX Font Info:    Overwriting math alphabet `\mathsf' in version `normal'
(Font)                  OT1/cmss/m/n --> OT1/lmss/m/n on input line 32.
LaTeX Font Info:    Overwriting math alphabet `\mathit' in version `normal'
(Font)                  OT1/cmr/m/it --> OT1/lmr/m/it on input line 33.
LaTeX Font Info:    Overwriting math alphabet `\mathtt' in version `normal'
(Font)                  OT1/cmtt/m/n --> OT1/lmtt/m/n on input line 34.
LaTeX Font Info:    Overwriting math alphabet `\mathbf' in version `bold'
(Font)                  OT1/cmr/bx/n --> OT1/lmr/bx/n on input line 35.
LaTeX Font Info:    Overwriting math alphabet `\mathsf' in version `bold'
(Font)                  OT1/cmss/bx/n --> OT1/lmss/bx/n on input line 36.
LaTeX Font Info:    Overwriting math alphabet `\mathit' in version `bold'
(Font)                  OT1/cmr/bx/it --> OT1/lmr/bx/it on input line 37.
LaTeX Font Info:    Overwriting math alphabet `\mathtt' in version `bold'
(Font)                  OT1/cmtt/m/n --> OT1/lmtt/m/n on input line 38.
) (/Users/wheeler/Library/Application Support/MiKTeX/texmfs/install/tex/generic/babel/babel.sty
Package: babel 2023/10/25 v3.96 The Babel package
\babel@savecnt=\count302
\U@D=\dimen144
\l@unhyphenated=\language1
 (/Users/wheeler/Library/Application Support/MiKTeX/texmfs/install/tex/generic/babel/txtbabel.def)
\bbl@readstream=\read2
\bbl@dirlevel=\count303

*************************************
* Local config file bblopts.cfg used
*
(/Users/wheeler/Library/Application Support/MiKTeX/texmfs/install/tex/latex/arabi/bblopts.cfg
File: bblopts.cfg 2005/09/08 v0.1 add Arabic and Farsi to "declared" options of babel
)
Package babel Info: You haven't specified a language as a class or package
(babel)             option. I'll load 'nil'. Reported on input line 4301.
 (/Users/wheeler/Library/Application Support/MiKTeX/texmfs/install/tex/generic/babel/nil.ldf
Language: nil 2023/10/25 v3.96 Nil language
\l@nil=\language2
)) (/Users/wheeler/Library/Application Support/MiKTeX/texmfs/install/tex/latex/microtype/microtype.sty
Package: microtype 2023/03/13 v3.1a Micro-typographical refinements (RS)
 (/Users/wheeler/Library/Application Support/MiKTeX/texmfs/install/tex/latex/graphics/keyval.sty
Package: keyval 2022/05/29 v1.15 key=value parser (DPC)
\KV@toks@=\toks22
) (/Users/wheeler/Library/Application Support/MiKTeX/texmfs/install/tex/latex/etoolbox/etoolbox.sty
Package: etoolbox 2020/10/05 v2.5k e-TeX tools for LaTeX (JAW)
\etb@tempcnta=\count304
)
\MT@toks=\toks23
\MT@tempbox=\box52
\MT@count=\count305
LaTeX Info: Redefining \noprotrusionifhmode on input line 1059.
LaTeX Info: Redefining \leftprotrusion on input line 1060.
\MT@prot@toks=\toks24
LaTeX Info: Redefining \rightprotrusion on input line 1078.
LaTeX Info: Redefining \textls on input line 1368.
\MT@outer@kern=\dimen145
LaTeX Info: Redefining \textmicrotypecontext on input line 1988.
\MT@listname@count=\count306
 (/Users/wheeler/Library/Application Support/MiKTeX/texmfs/install/tex/latex/microtype/microtype-pdftex.def
File: microtype-pdftex.def 2023/03/13 v3.1a Definitions specific to pdftex (RS)
LaTeX Info: Redefining \lsstyle on input line 902.
LaTeX Info: Redefining \lslig on input line 902.
\MT@outer@space=\skip75
)
Package microtype Info: Loading configuration file microtype.cfg.
 (/Users/wheeler/Library/Application Support/MiKTeX/texmfs/install/tex/latex/microtype/microtype.cfg
File: microtype.cfg 2023/03/13 v3.1a microtype main configuration file (RS)
)) (/Users/wheeler/Library/Application Support/MiKTeX/texmfs/install/tex/latex/amsmath/amsmath.sty
Package: amsmath 2023/05/13 v2.17o AMS math features
\@mathmargin=\skip76

For additional information on amsmath, use the `?' option.
(/Users/wheeler/Library/Application Support/MiKTeX/texmfs/install/tex/latex/amsmath/amstext.sty
Package: amstext 2021/08/26 v2.01 AMS text
 (/Users/wheeler/Library/Application Support/MiKTeX/texmfs/install/tex/latex/amsmath/amsgen.sty
File: amsgen.sty 1999/11/30 v2.0 generic functions
\@emptytoks=\toks25
\ex@=\dimen146
)) (/Users/wheeler/Library/Application Support/MiKTeX/texmfs/install/tex/latex/amsmath/amsbsy.sty
Package: amsbsy 1999/11/29 v1.2d Bold Symbols
\pmbraise@=\dimen147
) (/Users/wheeler/Library/Application Support/MiKTeX/texmfs/install/tex/latex/amsmath/amsopn.sty
Package: amsopn 2022/04/08 v2.04 operator names
)
\inf@bad=\count307
LaTeX Info: Redefining \frac on input line 234.
\uproot@=\count308
\leftroot@=\count309
LaTeX Info: Redefining \overline on input line 399.
LaTeX Info: Redefining \colon on input line 410.
\classnum@=\count310
\DOTSCASE@=\count311
LaTeX Info: Redefining \ldots on input line 496.
LaTeX Info: Redefining \dots on input line 499.
LaTeX Info: Redefining \cdots on input line 620.
\Mathstrutbox@=\box53
\strutbox@=\box54
LaTeX Info: Redefining \big on input line 722.
LaTeX Info: Redefining \Big on input line 723.
LaTeX Info: Redefining \bigg on input line 724.
LaTeX Info: Redefining \Bigg on input line 725.
\big@size=\dimen148
LaTeX Font Info:    Redeclaring font encoding OML on input line 743.
LaTeX Font Info:    Redeclaring font encoding OMS on input line 744.
\macc@depth=\count312
LaTeX Info: Redefining \bmod on input line 905.
LaTeX Info: Redefining \pmod on input line 910.
LaTeX Info: Redefining \smash on input line 940.
LaTeX Info: Redefining \relbar on input line 970.
LaTeX Info: Redefining \Relbar on input line 971.
\c@MaxMatrixCols=\count313
\dotsspace@=\muskip16
\c@parentequation=\count314
\dspbrk@lvl=\count315
\tag@help=\toks26
\row@=\count316
\column@=\count317
\maxfields@=\count318
\andhelp@=\toks27
\eqnshift@=\dimen149
\alignsep@=\dimen150
\tagshift@=\dimen151
\tagwidth@=\dimen152
\totwidth@=\dimen153
\lineht@=\dimen154
\@envbody=\toks28
\multlinegap=\skip77
\multlinetaggap=\skip78
\mathdisplay@stack=\toks29
LaTeX Info: Redefining \[ on input line 2953.
LaTeX Info: Redefining \] on input line 2954.
) (/Users/wheeler/Library/Application Support/MiKTeX/texmfs/install/tex/latex/amsfonts/amssymb.sty
Package: amssymb 2013/01/14 v3.01 AMS font symbols
 (/Users/wheeler/Library/Application Support/MiKTeX/texmfs/install/tex/latex/amsfonts/amsfonts.sty
Package: amsfonts 2013/01/14 v3.01 Basic AMSFonts support
\symAMSa=\mathgroup4
\symAMSb=\mathgroup5
LaTeX Font Info:    Redeclaring math symbol \hbar on input line 98.
LaTeX Font Info:    Overwriting math alphabet `\mathfrak' in version `bold'
(Font)                  U/euf/m/n --> U/euf/b/n on input line 106.
)) (/Users/wheeler/Library/Application Support/MiKTeX/texmfs/install/tex/latex/amscls/amsthm.sty
Package: amsthm 2020/05/29 v2.20.6
\thm@style=\toks30
\thm@bodyfont=\toks31
\thm@headfont=\toks32
\thm@notefont=\toks33
\thm@headpunct=\toks34
\thm@preskip=\skip79
\thm@postskip=\skip80
\thm@headsep=\skip81
\dth@everypar=\toks35
) (/Users/wheeler/Library/Application Support/MiKTeX/texmfs/install/tex/latex/mathtools/mathtools.sty
Package: mathtools 2022/06/29 v1.29 mathematical typesetting tools
 (/Users/wheeler/Library/Application Support/MiKTeX/texmfs/install/tex/latex/tools/calc.sty
Package: calc 2023/07/08 v4.3 Infix arithmetic (KKT,FJ)
\calc@Acount=\count319
\calc@Bcount=\count320
\calc@Adimen=\dimen155
\calc@Bdimen=\dimen156
\calc@Askip=\skip82
\calc@Bskip=\skip83
LaTeX Info: Redefining \setlength on input line 80.
LaTeX Info: Redefining \addtolength on input line 81.
\calc@Ccount=\count321
\calc@Cskip=\skip84
) (/Users/wheeler/Library/Application Support/MiKTeX/texmfs/install/tex/latex/mathtools/mhsetup.sty
Package: mhsetup 2021/03/18 v1.4 programming setup (MH)
)
\g_MT_multlinerow_int=\count322
\l_MT_multwidth_dim=\dimen157
\origjot=\skip85
\l_MT_shortvdotswithinadjustabove_dim=\dimen158
\l_MT_shortvdotswithinadjustbelow_dim=\dimen159
\l_MT_above_intertext_sep=\dimen160
\l_MT_below_intertext_sep=\dimen161
\l_MT_above_shortintertext_sep=\dimen162
\l_MT_below_shortintertext_sep=\dimen163
\xmathstrut@box=\box55
\xmathstrut@dim=\dimen164
) (/Users/wheeler/Library/Application Support/MiKTeX/texmfs/install/tex/latex/titling/titling.sty
Package: titling 2009/09/04 v2.1d maketitle typesetting
\thanksmarkwidth=\skip86
\thanksmargin=\skip87
\droptitle=\skip88
) (/Users/wheeler/Library/Application Support/MiKTeX/texmfs/install/tex/latex/float/float.sty
Package: float 2001/11/08 v1.3d Float enhancements (AL)
\c@float@type=\count323
\float@exts=\toks36
\float@box=\box56
\@float@everytoks=\toks37
\@floatcapt=\box57
) (/Users/wheeler/Library/Application Support/MiKTeX/texmfs/install/tex/latex/parskip/parskip.sty
Package: parskip 2021-03-14 v2.0h non-zero parskip adjustments
 (/Users/wheeler/Library/Application Support/MiKTeX/texmfs/install/tex/latex/kvoptions/kvoptions.sty
Package: kvoptions 2022-06-15 v3.15 Key value format for package options (HO)
 (/Users/wheeler/Library/Application Support/MiKTeX/texmfs/install/tex/generic/ltxcmds/ltxcmds.sty
Package: ltxcmds 2020-05-10 v1.25 LaTeX kernel commands for general use (HO)
) (/Users/wheeler/Library/Application Support/MiKTeX/texmfs/install/tex/latex/kvsetkeys/kvsetkeys.sty
Package: kvsetkeys 2022-10-05 v1.19 Key value parser (HO)
))) (/Users/wheeler/Library/Application Support/MiKTeX/texmfs/install/tex/latex/blkarray/blkarray.sty
Package: blkarray 2015/02/27 v0.07 Block array (dpc)
\c@BAenumi=\count324
\BA@col=\count325
\BA@block@cnt=\count326
\BA@final@box=\box58
\BA@first@box=\box59
\BA@colsep=\dimen165
\BA@ftn=\toks38
\BAextrarowheight=\dimen166
\BAextraheightafterhline=\dimen167
\BAarrayrulewidth=\dimen168
\BAdoublerulesep=\dimen169
\BAfootskip=\dimen170
\BA@dashbox=\box60
\BA@ddashbox=\box61
) (/Users/wheeler/Library/Application Support/MiKTeX/texmfs/install/tex/latex/multirow/multirow.sty
Package: multirow 2021/03/15 v2.8 Span multiple rows of a table
\multirow@colwidth=\skip89
\multirow@cntb=\count327
\multirow@dima=\skip90
\bigstrutjot=\dimen171
) (/Users/wheeler/Library/Application Support/MiKTeX/texmfs/install/tex/latex/geometry/geometry.sty
Package: geometry 2020/01/02 v5.9 Page Geometry
 (/Users/wheeler/Library/Application Support/MiKTeX/texmfs/install/tex/generic/iftex/ifvtex.sty
Package: ifvtex 2019/10/25 v1.7 ifvtex legacy package. Use iftex instead.
 (/Users/wheeler/Library/Application Support/MiKTeX/texmfs/install/tex/generic/iftex/iftex.sty
Package: iftex 2022/02/03 v1.0f TeX engine tests
))
\Gm@cnth=\count328
\Gm@cntv=\count329
\c@Gm@tempcnt=\count330
\Gm@bindingoffset=\dimen172
\Gm@wd@mp=\dimen173
\Gm@odd@mp=\dimen174
\Gm@even@mp=\dimen175
\Gm@layoutwidth=\dimen176
\Gm@layoutheight=\dimen177
\Gm@layouthoffset=\dimen178
\Gm@layoutvoffset=\dimen179
\Gm@dimlist=\toks39
 (/Users/wheeler/Library/Application Support/MiKTeX/texmfs/install/tex/latex/geometry/geometry.cfg)) (/Users/wheeler/Library/Application Support/MiKTeX/texmfs/install/tex/latex/cellspace/cellspace.sty
Package: cellspace 2022/01/04 v1.9.0 Spacing table cells (JN)
 (/Users/wheeler/Library/Application Support/MiKTeX/texmfs/install/tex/latex/tools/array.sty
Package: array 2023/10/16 v2.5g Tabular extension package (FMi)
\col@sep=\dimen180
\ar@mcellbox=\box62
\extrarowheight=\dimen181
\NC@list=\toks40
\extratabsurround=\skip91
\backup@length=\skip92
\ar@cellbox=\box63
) (/Users/wheeler/Library/Application Support/MiKTeX/texmfs/install/tex/latex/xkeyval/xkeyval.sty
Package: xkeyval 2022/06/16 v2.9 package option processing (HA)
 (/Users/wheeler/Library/Application Support/MiKTeX/texmfs/install/tex/generic/xkeyval/xkeyval.tex (/Users/wheeler/Library/Application Support/MiKTeX/texmfs/install/tex/generic/xkeyval/xkvutils.tex
\XKV@toks=\toks41
\XKV@tempa@toks=\toks42
)
\XKV@depth=\count331
File: xkeyval.tex 2014/12/03 v2.7a key=value parser (HA)
))
\cellspacetoplimit=\dimen182
\cellspacebottomlimit=\dimen183
\cellspace@firstht=\dimen184
\cellspace@lastdp=\dimen185
) (/Users/wheeler/Library/Application Support/MiKTeX/texmfs/install/tex/latex/tools/multicol.sty
Package: multicol 2023/03/30 v1.9f multicolumn formatting (FMi)
\c@tracingmulticols=\count332
\mult@box=\box64
\multicol@leftmargin=\dimen186
\c@unbalance=\count333
\c@collectmore=\count334
\doublecol@number=\count335
\multicoltolerance=\count336
\multicolpretolerance=\count337
\full@width=\dimen187
\page@free=\dimen188
\premulticols=\dimen189
\postmulticols=\dimen190
\multicolsep=\skip93
\multicolbaselineskip=\skip94
\partial@page=\box65
\last@line=\box66
\mc@boxedresult=\box67
\maxbalancingoverflow=\dimen191
\mult@rightbox=\box68
\mult@grightbox=\box69
\mult@firstbox=\box70
\mult@gfirstbox=\box71
\@tempa=\box72
\@tempa=\box73
\@tempa=\box74
\@tempa=\box75
\@tempa=\box76
\@tempa=\box77
\@tempa=\box78
\@tempa=\box79
\@tempa=\box80
\@tempa=\box81
\@tempa=\box82
\@tempa=\box83
\@tempa=\box84
\@tempa=\box85
\@tempa=\box86
\@tempa=\box87
\@tempa=\box88
\@tempa=\box89
\@tempa=\box90
\@tempa=\box91
\@tempa=\box92
\@tempa=\box93
\@tempa=\box94
\@tempa=\box95
\@tempa=\box96
\@tempa=\box97
\@tempa=\box98
\@tempa=\box99
\@tempa=\box100
\@tempa=\box101
\@tempa=\box102
\@tempa=\box103
\@tempa=\box104
\@tempa=\box105
\@tempa=\box106
\@tempa=\box107
\c@minrows=\count338
\c@columnbadness=\count339
\c@finalcolumnbadness=\count340
\last@try=\dimen192
\multicolovershoot=\dimen193
\multicolundershoot=\dimen194
\mult@nat@firstbox=\box108
\colbreak@box=\box109
\mc@col@check@num=\count341
) (/Users/wheeler/Library/Application Support/MiKTeX/texmfs/install/tex/latex/tools/enumerate.sty
Package: enumerate 2023/07/04 v3.00 enumerate extensions (DPC)
\@enLab=\toks43
) (/Users/wheeler/Library/Application Support/MiKTeX/texmfs/install/tex/latex/enumitem/enumitem.sty
Package: enumitem 2019/06/20 v3.9 Customized lists
\labelindent=\skip95
\enit@outerparindent=\dimen195
\enit@toks=\toks44
\enit@inbox=\box110
\enit@count@id=\count342
\enitdp@description=\count343
) (/Users/wheeler/Library/Application Support/MiKTeX/texmfs/install/tex/latex/pgf/frontendlayer/tikz.sty (/Users/wheeler/Library/Application Support/MiKTeX/texmfs/install/tex/latex/pgf/basiclayer/pgf.sty (/Users/wheeler/Library/Application Support/MiKTeX/texmfs/install/tex/latex/pgf/utilities/pgfrcs.sty (/Users/wheeler/Library/Application Support/MiKTeX/texmfs/install/tex/generic/pgf/utilities/pgfutil-common.tex
\pgfutil@everybye=\toks45
\pgfutil@tempdima=\dimen196
\pgfutil@tempdimb=\dimen197
) (/Users/wheeler/Library/Application Support/MiKTeX/texmfs/install/tex/generic/pgf/utilities/pgfutil-latex.def
\pgfutil@abb=\box111
) (/Users/wheeler/Library/Application Support/MiKTeX/texmfs/install/tex/generic/pgf/utilities/pgfrcs.code.tex (/Users/wheeler/Library/Application Support/MiKTeX/texmfs/install/tex/generic/pgf/pgf.revision.tex)
Package: pgfrcs 2023-01-15 v3.1.10 (3.1.10)
))
Package: pgf 2023-01-15 v3.1.10 (3.1.10)
 (/Users/wheeler/Library/Application Support/MiKTeX/texmfs/install/tex/latex/pgf/basiclayer/pgfcore.sty (/Users/wheeler/Library/Application Support/MiKTeX/texmfs/install/tex/latex/graphics/graphicx.sty
Package: graphicx 2021/09/16 v1.2d Enhanced LaTeX Graphics (DPC,SPQR)
 (/Users/wheeler/Library/Application Support/MiKTeX/texmfs/install/tex/latex/graphics/graphics.sty
Package: graphics 2022/03/10 v1.4e Standard LaTeX Graphics (DPC,SPQR)
 (/Users/wheeler/Library/Application Support/MiKTeX/texmfs/install/tex/latex/graphics/trig.sty
Package: trig 2021/08/11 v1.11 sin cos tan (DPC)
) (/Users/wheeler/Library/Application Support/MiKTeX/texmfs/install/tex/latex/graphics-cfg/graphics.cfg
File: graphics.cfg 2016/06/04 v1.11 sample graphics configuration
)
Package graphics Info: Driver file: pdftex.def on input line 107.
 (/Users/wheeler/Library/Application Support/MiKTeX/texmfs/install/tex/latex/graphics-def/pdftex.def
File: pdftex.def 2022/09/22 v1.2b Graphics/color driver for pdftex
))
\Gin@req@height=\dimen198
\Gin@req@width=\dimen199
) (/Users/wheeler/Library/Application Support/MiKTeX/texmfs/install/tex/latex/pgf/systemlayer/pgfsys.sty (/Users/wheeler/Library/Application Support/MiKTeX/texmfs/install/tex/generic/pgf/systemlayer/pgfsys.code.tex
Package: pgfsys 2023-01-15 v3.1.10 (3.1.10)
 (/Users/wheeler/Library/Application Support/MiKTeX/texmfs/install/tex/generic/pgf/utilities/pgfkeys.code.tex
\pgfkeys@pathtoks=\toks46
\pgfkeys@temptoks=\toks47
 (/Users/wheeler/Library/Application Support/MiKTeX/texmfs/install/tex/generic/pgf/utilities/pgfkeyslibraryfiltered.code.tex
\pgfkeys@tmptoks=\toks48
))
\pgf@x=\dimen256
\pgf@y=\dimen257
\pgf@xa=\dimen258
\pgf@ya=\dimen259
\pgf@xb=\dimen260
\pgf@yb=\dimen261
\pgf@xc=\dimen262
\pgf@yc=\dimen263
\pgf@xd=\dimen264
\pgf@yd=\dimen265
\w@pgf@writea=\write3
\r@pgf@reada=\read3
\c@pgf@counta=\count344
\c@pgf@countb=\count345
\c@pgf@countc=\count346
\c@pgf@countd=\count347
\t@pgf@toka=\toks49
\t@pgf@tokb=\toks50
\t@pgf@tokc=\toks51
\pgf@sys@id@count=\count348
 (/Users/wheeler/Library/Application Support/MiKTeX/texmfs/install/tex/generic/pgf/systemlayer/pgf.cfg
File: pgf.cfg 2023-01-15 v3.1.10 (3.1.10)
)
Driver file for pgf: pgfsys-pdftex.def
 (/Users/wheeler/Library/Application Support/MiKTeX/texmfs/install/tex/generic/pgf/systemlayer/pgfsys-pdftex.def
File: pgfsys-pdftex.def 2023-01-15 v3.1.10 (3.1.10)
 (/Users/wheeler/Library/Application Support/MiKTeX/texmfs/install/tex/generic/pgf/systemlayer/pgfsys-common-pdf.def
File: pgfsys-common-pdf.def 2023-01-15 v3.1.10 (3.1.10)
))) (/Users/wheeler/Library/Application Support/MiKTeX/texmfs/install/tex/generic/pgf/systemlayer/pgfsyssoftpath.code.tex
File: pgfsyssoftpath.code.tex 2023-01-15 v3.1.10 (3.1.10)
\pgfsyssoftpath@smallbuffer@items=\count349
\pgfsyssoftpath@bigbuffer@items=\count350
) (/Users/wheeler/Library/Application Support/MiKTeX/texmfs/install/tex/generic/pgf/systemlayer/pgfsysprotocol.code.tex
File: pgfsysprotocol.code.tex 2023-01-15 v3.1.10 (3.1.10)
)) (/Users/wheeler/Library/Application Support/MiKTeX/texmfs/install/tex/latex/xcolor/xcolor.sty
Package: xcolor 2022/06/12 v2.14 LaTeX color extensions (UK)
 (/Users/wheeler/Library/Application Support/MiKTeX/texmfs/install/tex/latex/graphics-cfg/color.cfg
File: color.cfg 2016/01/02 v1.6 sample color configuration
)
Package xcolor Info: Driver file: pdftex.def on input line 227.
 (/Users/wheeler/Library/Application Support/MiKTeX/texmfs/install/tex/latex/graphics/mathcolor.ltx)
Package xcolor Info: Model `cmy' substituted by `cmy0' on input line 1353.
Package xcolor Info: Model `hsb' substituted by `rgb' on input line 1357.
Package xcolor Info: Model `RGB' extended on input line 1369.
Package xcolor Info: Model `HTML' substituted by `rgb' on input line 1371.
Package xcolor Info: Model `Hsb' substituted by `hsb' on input line 1372.
Package xcolor Info: Model `tHsb' substituted by `hsb' on input line 1373.
Package xcolor Info: Model `HSB' substituted by `hsb' on input line 1374.
Package xcolor Info: Model `Gray' substituted by `gray' on input line 1375.
Package xcolor Info: Model `wave' substituted by `hsb' on input line 1376.
) (/Users/wheeler/Library/Application Support/MiKTeX/texmfs/install/tex/generic/pgf/basiclayer/pgfcore.code.tex
Package: pgfcore 2023-01-15 v3.1.10 (3.1.10)
 (/Users/wheeler/Library/Application Support/MiKTeX/texmfs/install/tex/generic/pgf/math/pgfmath.code.tex (/Users/wheeler/Library/Application Support/MiKTeX/texmfs/install/tex/generic/pgf/math/pgfmathutil.code.tex) (/Users/wheeler/Library/Application Support/MiKTeX/texmfs/install/tex/generic/pgf/math/pgfmathparser.code.tex
\pgfmath@dimen=\dimen266
\pgfmath@count=\count351
\pgfmath@box=\box112
\pgfmath@toks=\toks52
\pgfmath@stack@operand=\toks53
\pgfmath@stack@operation=\toks54
) (/Users/wheeler/Library/Application Support/MiKTeX/texmfs/install/tex/generic/pgf/math/pgfmathfunctions.code.tex) (/Users/wheeler/Library/Application Support/MiKTeX/texmfs/install/tex/generic/pgf/math/pgfmathfunctions.basic.code.tex) (/Users/wheeler/Library/Application Support/MiKTeX/texmfs/install/tex/generic/pgf/math/pgfmathfunctions.trigonometric.code.tex) (/Users/wheeler/Library/Application Support/MiKTeX/texmfs/install/tex/generic/pgf/math/pgfmathfunctions.random.code.tex) (/Users/wheeler/Library/Application Support/MiKTeX/texmfs/install/tex/generic/pgf/math/pgfmathfunctions.comparison.code.tex) (/Users/wheeler/Library/Application Support/MiKTeX/texmfs/install/tex/generic/pgf/math/pgfmathfunctions.base.code.tex) (/Users/wheeler/Library/Application Support/MiKTeX/texmfs/install/tex/generic/pgf/math/pgfmathfunctions.round.code.tex) (/Users/wheeler/Library/Application Support/MiKTeX/texmfs/install/tex/generic/pgf/math/pgfmathfunctions.misc.code.tex) (/Users/wheeler/Library/Application Support/MiKTeX/texmfs/install/tex/generic/pgf/math/pgfmathfunctions.integerarithmetics.code.tex) (/Users/wheeler/Library/Application Support/MiKTeX/texmfs/install/tex/generic/pgf/math/pgfmathcalc.code.tex) (/Users/wheeler/Library/Application Support/MiKTeX/texmfs/install/tex/generic/pgf/math/pgfmathfloat.code.tex
\c@pgfmathroundto@lastzeros=\count352
)) (/Users/wheeler/Library/Application Support/MiKTeX/texmfs/install/tex/generic/pgf/math/pgfint.code.tex) (/Users/wheeler/Library/Application Support/MiKTeX/texmfs/install/tex/generic/pgf/basiclayer/pgfcorepoints.code.tex
File: pgfcorepoints.code.tex 2023-01-15 v3.1.10 (3.1.10)
\pgf@picminx=\dimen267
\pgf@picmaxx=\dimen268
\pgf@picminy=\dimen269
\pgf@picmaxy=\dimen270
\pgf@pathminx=\dimen271
\pgf@pathmaxx=\dimen272
\pgf@pathminy=\dimen273
\pgf@pathmaxy=\dimen274
\pgf@xx=\dimen275
\pgf@xy=\dimen276
\pgf@yx=\dimen277
\pgf@yy=\dimen278
\pgf@zx=\dimen279
\pgf@zy=\dimen280
) (/Users/wheeler/Library/Application Support/MiKTeX/texmfs/install/tex/generic/pgf/basiclayer/pgfcorepathconstruct.code.tex
File: pgfcorepathconstruct.code.tex 2023-01-15 v3.1.10 (3.1.10)
\pgf@path@lastx=\dimen281
\pgf@path@lasty=\dimen282
) (/Users/wheeler/Library/Application Support/MiKTeX/texmfs/install/tex/generic/pgf/basiclayer/pgfcorepathusage.code.tex
File: pgfcorepathusage.code.tex 2023-01-15 v3.1.10 (3.1.10)
\pgf@shorten@end@additional=\dimen283
\pgf@shorten@start@additional=\dimen284
) (/Users/wheeler/Library/Application Support/MiKTeX/texmfs/install/tex/generic/pgf/basiclayer/pgfcorescopes.code.tex
File: pgfcorescopes.code.tex 2023-01-15 v3.1.10 (3.1.10)
\pgfpic=\box113
\pgf@hbox=\box114
\pgf@layerbox@main=\box115
\pgf@picture@serial@count=\count353
) (/Users/wheeler/Library/Application Support/MiKTeX/texmfs/install/tex/generic/pgf/basiclayer/pgfcoregraphicstate.code.tex
File: pgfcoregraphicstate.code.tex 2023-01-15 v3.1.10 (3.1.10)
\pgflinewidth=\dimen285
) (/Users/wheeler/Library/Application Support/MiKTeX/texmfs/install/tex/generic/pgf/basiclayer/pgfcoretransformations.code.tex
File: pgfcoretransformations.code.tex 2023-01-15 v3.1.10 (3.1.10)
\pgf@pt@x=\dimen286
\pgf@pt@y=\dimen287
\pgf@pt@temp=\dimen288
) (/Users/wheeler/Library/Application Support/MiKTeX/texmfs/install/tex/generic/pgf/basiclayer/pgfcorequick.code.tex
File: pgfcorequick.code.tex 2023-01-15 v3.1.10 (3.1.10)
) (/Users/wheeler/Library/Application Support/MiKTeX/texmfs/install/tex/generic/pgf/basiclayer/pgfcoreobjects.code.tex
File: pgfcoreobjects.code.tex 2023-01-15 v3.1.10 (3.1.10)
) (/Users/wheeler/Library/Application Support/MiKTeX/texmfs/install/tex/generic/pgf/basiclayer/pgfcorepathprocessing.code.tex
File: pgfcorepathprocessing.code.tex 2023-01-15 v3.1.10 (3.1.10)
) (/Users/wheeler/Library/Application Support/MiKTeX/texmfs/install/tex/generic/pgf/basiclayer/pgfcorearrows.code.tex
File: pgfcorearrows.code.tex 2023-01-15 v3.1.10 (3.1.10)
\pgfarrowsep=\dimen289
) (/Users/wheeler/Library/Application Support/MiKTeX/texmfs/install/tex/generic/pgf/basiclayer/pgfcoreshade.code.tex
File: pgfcoreshade.code.tex 2023-01-15 v3.1.10 (3.1.10)
\pgf@max=\dimen290
\pgf@sys@shading@range@num=\count354
\pgf@shadingcount=\count355
) (/Users/wheeler/Library/Application Support/MiKTeX/texmfs/install/tex/generic/pgf/basiclayer/pgfcoreimage.code.tex
File: pgfcoreimage.code.tex 2023-01-15 v3.1.10 (3.1.10)
) (/Users/wheeler/Library/Application Support/MiKTeX/texmfs/install/tex/generic/pgf/basiclayer/pgfcoreexternal.code.tex
File: pgfcoreexternal.code.tex 2023-01-15 v3.1.10 (3.1.10)
\pgfexternal@startupbox=\box116
) (/Users/wheeler/Library/Application Support/MiKTeX/texmfs/install/tex/generic/pgf/basiclayer/pgfcorelayers.code.tex
File: pgfcorelayers.code.tex 2023-01-15 v3.1.10 (3.1.10)
) (/Users/wheeler/Library/Application Support/MiKTeX/texmfs/install/tex/generic/pgf/basiclayer/pgfcoretransparency.code.tex
File: pgfcoretransparency.code.tex 2023-01-15 v3.1.10 (3.1.10)
) (/Users/wheeler/Library/Application Support/MiKTeX/texmfs/install/tex/generic/pgf/basiclayer/pgfcorepatterns.code.tex
File: pgfcorepatterns.code.tex 2023-01-15 v3.1.10 (3.1.10)
) (/Users/wheeler/Library/Application Support/MiKTeX/texmfs/install/tex/generic/pgf/basiclayer/pgfcorerdf.code.tex
File: pgfcorerdf.code.tex 2023-01-15 v3.1.10 (3.1.10)
))) (/Users/wheeler/Library/Application Support/MiKTeX/texmfs/install/tex/generic/pgf/modules/pgfmoduleshapes.code.tex
File: pgfmoduleshapes.code.tex 2023-01-15 v3.1.10 (3.1.10)
\pgfnodeparttextbox=\box117
) (/Users/wheeler/Library/Application Support/MiKTeX/texmfs/install/tex/generic/pgf/modules/pgfmoduleplot.code.tex
File: pgfmoduleplot.code.tex 2023-01-15 v3.1.10 (3.1.10)
) (/Users/wheeler/Library/Application Support/MiKTeX/texmfs/install/tex/latex/pgf/compatibility/pgfcomp-version-0-65.sty
Package: pgfcomp-version-0-65 2023-01-15 v3.1.10 (3.1.10)
\pgf@nodesepstart=\dimen291
\pgf@nodesepend=\dimen292
) (/Users/wheeler/Library/Application Support/MiKTeX/texmfs/install/tex/latex/pgf/compatibility/pgfcomp-version-1-18.sty
Package: pgfcomp-version-1-18 2023-01-15 v3.1.10 (3.1.10)
))
(/Users/wheeler/Library/Application Support/MiKTeX/texmfs/install/tex/latex/pgf/utilities/pgffor.sty (/Users/wheeler/Library/Application Support/MiKTeX/texmfs/install/tex/latex/pgf/utilities/pgfkeys.sty (/Users/wheeler/Library/Application Support/MiKTeX/texmfs/install/tex/generic/pgf/utilities/pgfkeys.code.tex)) (/Users/wheeler/Library/Application Support/MiKTeX/texmfs/install/tex/latex/pgf/math/pgfmath.sty (/Users/wheeler/Library/Application Support/MiKTeX/texmfs/install/tex/generic/pgf/math/pgfmath.code.tex)) (/Users/wheeler/Library/Application Support/MiKTeX/texmfs/install/tex/generic/pgf/utilities/pgffor.code.tex
Package: pgffor 2023-01-15 v3.1.10 (3.1.10)
\pgffor@iter=\dimen293
\pgffor@skip=\dimen294
\pgffor@stack=\toks55
\pgffor@toks=\toks56
)) (/Users/wheeler/Library/Application Support/MiKTeX/texmfs/install/tex/generic/pgf/frontendlayer/tikz/tikz.code.tex
Package: tikz 2023-01-15 v3.1.10 (3.1.10)
 (/Users/wheeler/Library/Application Support/MiKTeX/texmfs/install/tex/generic/pgf/libraries/pgflibraryplothandlers.code.tex
File: pgflibraryplothandlers.code.tex 2023-01-15 v3.1.10 (3.1.10)
\pgf@plot@mark@count=\count356
\pgfplotmarksize=\dimen295
)
\tikz@lastx=\dimen296
\tikz@lasty=\dimen297
\tikz@lastxsaved=\dimen298
\tikz@lastysaved=\dimen299
\tikz@lastmovetox=\dimen300
\tikz@lastmovetoy=\dimen301
\tikzleveldistance=\dimen302
\tikzsiblingdistance=\dimen303
\tikz@figbox=\box118
\tikz@figbox@bg=\box119
\tikz@tempbox=\box120
\tikz@tempbox@bg=\box121
\tikztreelevel=\count357
\tikznumberofchildren=\count358
\tikznumberofcurrentchild=\count359
\tikz@fig@count=\count360
 (/Users/wheeler/Library/Application Support/MiKTeX/texmfs/install/tex/generic/pgf/modules/pgfmodulematrix.code.tex
File: pgfmodulematrix.code.tex 2023-01-15 v3.1.10 (3.1.10)
\pgfmatrixcurrentrow=\count361
\pgfmatrixcurrentcolumn=\count362
\pgf@matrix@numberofcolumns=\count363
)
\tikz@expandcount=\count364
 (/Users/wheeler/Library/Application Support/MiKTeX/texmfs/install/tex/generic/pgf/frontendlayer/tikz/libraries/tikzlibrarytopaths.code.tex
File: tikzlibrarytopaths.code.tex 2023-01-15 v3.1.10 (3.1.10)
))) (/Users/wheeler/Library/Application Support/MiKTeX/texmfs/install/tex/latex/matlab-prettifier/matlab-prettifier.sty
Package: matlab-prettifier 2014/06/19 v0.3 A package for prettyprinting Matlab source code
 (/Users/wheeler/Library/Application Support/MiKTeX/texmfs/install/tex/latex/base/textcomp.sty
Package: textcomp 2020/02/02 v2.0n Standard LaTeX package
) (/Users/wheeler/Library/Application Support/MiKTeX/texmfs/install/tex/latex/listings/listings.sty
\lst@mode=\count365
\lst@gtempboxa=\box122
\lst@token=\toks57
\lst@length=\count366
\lst@currlwidth=\dimen304
\lst@column=\count367
\lst@pos=\count368
\lst@lostspace=\dimen305
\lst@width=\dimen306
\lst@newlines=\count369
\lst@lineno=\count370
\lst@maxwidth=\dimen307
 (/Users/wheeler/Library/Application Support/MiKTeX/texmfs/install/tex/latex/listings/lstmisc.sty
File: lstmisc.sty 2023/02/27 1.9 (Carsten Heinz)
\c@lstnumber=\count371
\lst@skipnumbers=\count372
\lst@framebox=\box123
) (/Users/wheeler/Library/Application Support/MiKTeX/texmfs/install/tex/latex/listings/listings.cfg
File: listings.cfg 2023/02/27 1.9 listings configuration
))
Package: listings 2023/02/27 1.9 (Carsten Heinz)
\netBracketCount@mlpr=\count373
\blkLvl@mlpr=\count374
\blkLvlAtClassdef@mlpr=\count375
\emHeight@mlpr=\skip96
\jayDepth@mlpr=\skip97
\sectionRuleOffset@mlpr=\skip98
\toks@mlpr=\toks58
)
\c@theorem=\count376
LaTeX Font Info:    Trying to load font information for T1+lmr on input line 53.
 (/Users/wheeler/Library/Application Support/MiKTeX/texmfs/install/tex/latex/lm/t1lmr.fd
File: t1lmr.fd 2015/05/01 v1.6.1 Font defs for Latin Modern
) (/Users/wheeler/Library/Application Support/MiKTeX/texmfs/install/tex/latex/l3backend/l3backend-pdftex.def
File: l3backend-pdftex.def 2023-10-23 L3 backend support: PDF output (pdfTeX)
\l__color_backend_stack_int=\count377
\l__pdf_internal_box=\box124
) (homework2.aux)
\openout1 = `homework2.aux'.

LaTeX Font Info:    Checking defaults for OML/cmm/m/it on input line 53.
LaTeX Font Info:    ... okay on input line 53.
LaTeX Font Info:    Checking defaults for OMS/cmsy/m/n on input line 53.
LaTeX Font Info:    ... okay on input line 53.
LaTeX Font Info:    Checking defaults for OT1/cmr/m/n on input line 53.
LaTeX Font Info:    ... okay on input line 53.
LaTeX Font Info:    Checking defaults for T1/cmr/m/n on input line 53.
LaTeX Font Info:    ... okay on input line 53.
LaTeX Font Info:    Checking defaults for TS1/cmr/m/n on input line 53.
LaTeX Font Info:    ... okay on input line 53.
LaTeX Font Info:    Checking defaults for OMX/cmex/m/n on input line 53.
LaTeX Font Info:    ... okay on input line 53.
LaTeX Font Info:    Checking defaults for U/cmr/m/n on input line 53.
LaTeX Font Info:    ... okay on input line 53.
LaTeX Info: Redefining \microtypecontext on input line 53.
Package microtype Info: Applying patch `item' on input line 53.
Package microtype Info: Applying patch `toc' on input line 53.
Package microtype Info: Applying patch `eqnum' on input line 53.
Package microtype Info: Applying patch `footnote' on input line 53.
Package microtype Info: Applying patch `verbatim' on input line 53.
Package microtype Info: Generating PDF output.
Package microtype Info: Character protrusion enabled (level 2).
Package microtype Info: Using default protrusion set `alltext'.
Package microtype Info: Automatic font expansion enabled (level 2),
(microtype)             stretch: 20, shrink: 20, step: 1, non-selected.
Package microtype Info: Using default expansion set `alltext-nott'.
LaTeX Info: Redefining \showhyphens on input line 53.
Package microtype Info: No adjustment of tracking.
Package microtype Info: No adjustment of interword spacing.
Package microtype Info: No adjustment of character kerning.
 (/Users/wheeler/Library/Application Support/MiKTeX/texmfs/install/tex/latex/microtype/mt-cmr.cfg
File: mt-cmr.cfg 2013/05/19 v2.2 microtype config. file: Computer Modern Roman (RS)
)
*geometry* driver: auto-detecting
*geometry* detected driver: pdftex
*geometry* verbose mode - [ preamble ] result:
* driver: pdftex
* paper: <default>
* layout: <same size as paper>
* layoutoffset:(h,v)=(0.0pt,0.0pt)
* modes: 
* h-part:(L,W,R)=(36.135pt, 505.89001pt, 72.26999pt)
* v-part:(T,H,B)=(72.26999pt, 650.43001pt, 72.26999pt)
* \paperwidth=614.295pt
* \paperheight=794.96999pt
* \textwidth=505.89001pt
* \textheight=650.43001pt
* \oddsidemargin=-36.135pt
* \evensidemargin=-36.135pt
* \topmargin=-30.0pt
* \headheight=15.0pt
* \headsep=15.0pt
* \topskip=11.0pt
* \footskip=29.0pt
* \marginparwidth=36.135pt
* \marginparsep=5.0pt
* \columnsep=10.0pt
* \skip\footins=10.0pt plus 4.0pt minus 2.0pt
* \hoffset=0.0pt
* \voffset=0.0pt
* \mag=1000
* \@twocolumnfalse
* \@twosidefalse
* \@mparswitchfalse
* \@reversemarginfalse
* (1in=72.27pt=25.4mm, 1cm=28.453pt)

(/Users/wheeler/Library/Application Support/MiKTeX/texmfs/install/tex/context/base/mkii/supp-pdf.mkii
[Loading MPS to PDF converter (version 2006.09.02).]
\scratchcounter=\count378
\scratchdimen=\dimen308
\scratchbox=\box125
\nofMPsegments=\count379
\nofMParguments=\count380
\everyMPshowfont=\toks59
\MPscratchCnt=\count381
\MPscratchDim=\dimen309
\MPnumerator=\count382
\makeMPintoPDFobject=\count383
\everyMPtoPDFconversion=\toks60
) (/Users/wheeler/Library/Application Support/MiKTeX/texmfs/install/tex/latex/epstopdf-pkg/epstopdf-base.sty
Package: epstopdf-base 2020-01-24 v2.11 Base part for package epstopdf
Package epstopdf-base Info: Redefining graphics rule for `.eps' on input line 485.
 (/Users/wheeler/Library/Application Support/MiKTeX/texmfs/install/tex/latex/00miktex/epstopdf-sys.cfg
File: epstopdf-sys.cfg 2021/03/18 v2.0 Configuration of epstopdf for MiKTeX
))
\c@lstlisting=\count384
LaTeX Font Info:    Trying to load font information for OT1+lmr on input line 57.
 (/Users/wheeler/Library/Application Support/MiKTeX/texmfs/install/tex/latex/lm/ot1lmr.fd
File: ot1lmr.fd 2015/05/01 v1.6.1 Font defs for Latin Modern
)
LaTeX Font Info:    Trying to load font information for OML+lmm on input line 57.
 (/Users/wheeler/Library/Application Support/MiKTeX/texmfs/install/tex/latex/lm/omllmm.fd
File: omllmm.fd 2015/05/01 v1.6.1 Font defs for Latin Modern
)
LaTeX Font Info:    Trying to load font information for OMS+lmsy on input line 57.
 (/Users/wheeler/Library/Application Support/MiKTeX/texmfs/install/tex/latex/lm/omslmsy.fd
File: omslmsy.fd 2015/05/01 v1.6.1 Font defs for Latin Modern
)
LaTeX Font Info:    Trying to load font information for OMX+lmex on input line 57.
 (/Users/wheeler/Library/Application Support/MiKTeX/texmfs/install/tex/latex/lm/omxlmex.fd
File: omxlmex.fd 2015/05/01 v1.6.1 Font defs for Latin Modern
)
LaTeX Font Info:    External font `lmex10' loaded for size
(Font)              <10.95> on input line 57.
LaTeX Font Info:    External font `lmex10' loaded for size
(Font)              <8> on input line 57.
LaTeX Font Info:    External font `lmex10' loaded for size
(Font)              <6> on input line 57.
LaTeX Font Info:    Trying to load font information for U+msa on input line 57.
 (/Users/wheeler/Library/Application Support/MiKTeX/texmfs/install/tex/latex/amsfonts/umsa.fd
File: umsa.fd 2013/01/14 v3.01 AMS symbols A
) (/Users/wheeler/Library/Application Support/MiKTeX/texmfs/install/tex/latex/microtype/mt-msa.cfg
File: mt-msa.cfg 2006/02/04 v1.1 microtype config. file: AMS symbols (a) (RS)
)
LaTeX Font Info:    Trying to load font information for U+msb on input line 57.
 (/Users/wheeler/Library/Application Support/MiKTeX/texmfs/install/tex/latex/amsfonts/umsb.fd
File: umsb.fd 2013/01/14 v3.01 AMS symbols B
) (/Users/wheeler/Library/Application Support/MiKTeX/texmfs/install/tex/latex/microtype/mt-msb.cfg
File: mt-msb.cfg 2005/06/01 v1.0 microtype config. file: AMS symbols (b) (RS)
)
LaTeX Font Info:    Trying to load font information for T1+lmtt on input line 58.
 (/Users/wheeler/Library/Application Support/MiKTeX/texmfs/install/tex/latex/lm/t1lmtt.fd
File: t1lmtt.fd 2015/05/01 v1.6.1 Font defs for Latin Modern
)
Package microtype Info: Loading generic protrusion settings for font family
(microtype)             `lmtt' (encoding: T1).
(microtype)             For optimal results, create family-specific settings.
(microtype)             See the microtype manual for details.
 [1

{/Users/wheeler/Library/Application Support/MiKTeX/texmfs/data/fonts/map/pdftex/pdftex.map}] [2]
This exam contains 9 questions with 4 parts, 0 subparts, and 0 subsubparts.
(homework2.aux)
 ***********
LaTeX2e <2023-11-01>
L3 programming layer <2023-11-01>
 ***********
 ) 
Here is how much of TeX's memory you used:
 22626 strings out of 476526
 425827 string characters out of 5795261
 2007530 words of memory out of 5000000
 44138 multiletter control sequences out of 15000+600000
 588437 words of font info for 81 fonts, out of 8000000 for 9000
 0 hyphenation exceptions out of 8191
 102i,10n,120p,1050b,1423s stack positions out of 10000i,1000n,20000p,200000b,200000s
{/Users/wheeler/Library/Application Support/MiKTeX/texmfs/install/fonts/enc/dvips/lm/lm-mathit.enc}{/Users/wheeler/Library/Application Support/MiKTeX/texmfs/install/fonts/enc/dvips/lm/lm-rm.enc}{/Users/wheeler/Library/Application Support/MiKTeX/texmfs/install/fonts/enc/dvips/lm/lm-mathsy.enc}{/Users/wheeler/Library/Application Support/MiKTeX/texmfs/install/fonts/enc/dvips/lm/lm-mathex.enc}{/Users/wheeler/Library/Application Support/MiKTeX/texmfs/install/fonts/enc/dvips/lm/lm-ec.enc}</Users/wheeler/Library/Application Support/MiKTeX/texmfs/install/fonts/type1/public/lm/lmbx12.pfb></Users/wheeler/Library/Application Support/MiKTeX/texmfs/install/fonts/type1/public/lm/lmex10.pfb></Users/wheeler/Library/Application Support/MiKTeX/texmfs/install/fonts/type1/public/lm/lmmi10.pfb></Users/wheeler/Library/Application Support/MiKTeX/texmfs/install/fonts/type1/public/lm/lmmi6.pfb></Users/wheeler/Library/Application Support/MiKTeX/texmfs/install/fonts/type1/public/lm/lmmi8.pfb></Users/wheeler/Library/Application Support/MiKTeX/texmfs/install/fonts/type1/public/lm/lmr10.pfb></Users/wheeler/Library/Application Support/MiKTeX/texmfs/install/fonts/type1/public/lm/lmr12.pfb></Users/wheeler/Library/Application Support/MiKTeX/texmfs/install/fonts/type1/public/lm/lmr6.pfb></Users/wheeler/Library/Application Support/MiKTeX/texmfs/install/fonts/type1/public/lm/lmr8.pfb></Users/wheeler/Library/Application Support/MiKTeX/texmfs/install/fonts/type1/public/lm/lmsy10.pfb></Users/wheeler/Library/Application Support/MiKTeX/texmfs/install/fonts/type1/public/lm/lmsy8.pfb></Users/wheeler/Library/Application Support/MiKTeX/texmfs/install/fonts/type1/public/lm/lmtt10.pfb>
Output written on homework2.pdf (2 pages, 190767 bytes).
PDF statistics:
 80 PDF objects out of 1000 (max. 8388607)
 0 named destinations out of 1000 (max. 500000)
 16909 words of extra memory for PDF output out of 17280 (max. 10000000)

